<?xml version="1.0" encoding="UTF-8"?>
<testng-results ignored="0" total="1" passed="1" failed="0" skipped="0">
  <reporter-output>
  </reporter-output>
  <suite started-at="2022-01-22T13:38:09 IST" name="TestSuite" finished-at="2022-01-22T13:38:27 IST" duration-ms="17952">
    <groups>
    </groups>
    <test started-at="2022-01-22T13:38:09 IST" name="Test" finished-at="2022-01-22T13:38:27 IST" duration-ms="17952">
      <class name="com.ohrm.testcases.TestCase01">
        <test-method signature="testcase01()[pri:0, instance:com.ohrm.testcases.TestCase01@53fdffa1]" started-at="2022-01-22T13:38:09 IST" name="testcase01" finished-at="2022-01-22T13:38:27 IST" duration-ms="17919" status="PASS">
          <reporter-output>
          </reporter-output>
        </test-method> <!-- testcase01 -->
      </class> <!-- com.ohrm.testcases.TestCase01 -->
    </test> <!-- Test -->
  </suite> <!-- TestSuite -->
</testng-results>
